Log started at 02.07.2026	14:45:19
Number of used processors (NPROC): 8.
Number of mesh partitions (NPART): 8.
Total Physical Memory = 15.75 Gb, Available Physical Memory = 2.33 Gb
Computer name:	DESKTOP-P3H0A5T
Operating system:	Windows 10 (or higher) (Version 10.0.26200)

SOLIDWORKS 2022 SP1.0
Flow Simulation 2022  x64 / 5482

Project: C:\Users\hawah\Desktop\Upwork\Solidworks Practice\Simulation Practice\Box and pipe\1\1.xmlconfig
Configuration name: Default
Project name: 2. Heat Transfer Analysis - Pipe and Block
Problem type: external-type
Exclude cavities without flow conditions: OFF
NGK: OFF
MBO: OFF
-----------------------------------------------------------------------
Mesher option run = eRunMesherNormal
-----------------------------------------------------------------------

Mesh generation started:	2.7.2026	14:45:19
-----------------------------------------------------------------------
Memory Working Set Current = 23.05 Mb, Memory Working Set Peak = 23.05 Mb
Process Threads Number: 7
-----------------------------------------------------------------------
Mesher adjust APD = OFF; AdjustAPD_method=0; N_per_Channel = 0; N2_per_Channel = 0
Current CPU = 0 sec
-----------------------------------------------------------------------
Geometries initialization:
-----------------------------------------------------------------------
Loading mesh settings (global/local)...
-----------------------------------------------------------------------
Number of geometries from DB: 2
Geometry(0):
	Guid = {00000000-0000-0000-0000-000000000000}
	Fluid..
	1 Body.
	2 Real bodies.
	-- Bodyset 0 --
		Tolerance=1.6e-05.
		38 Face(s).
			38 of b-spline type.
		38 Face(s) that have no ref faces
		24 Plane surface(s).
		8 Cylinder surface(s).
		6 Torus surface(s).
		124966 Triangle(s).
		Getting triangle connectivities from DB: 0.023 s
		78 Edge(s).
			78 of b-spline type.
		BodyGeom reading: 0.195 s.
		124966 Reference Triangles.
		Getting triangle connectivities from DB (Ref): 0.023 s
		BodyGeom Ref reading: 0.040 s.
Geometry(1):
	Guid = {dd052fb8-f4ba-414e-9721-1ae179e64a9b}
	Solid.Aluminum 6061.
	2 Bodies.
	1 Real body.
	-- Bodyset 1 --
		Tolerance=1.6e-05.
		44 Face(s).
			44 of b-spline type.
		0 Face(s) that have no ref faces
		30 Plane surface(s).
		8 Cylinder surface(s).
		6 Torus surface(s).
		124978 Triangle(s).
		Getting triangle connectivities from DB: 0.027 s
		90 Edge(s).
			90 of b-spline type.
		BodyGeom reading: 0.149 s.
		124966 Reference Triangles.
		Getting triangle connectivities from DB (Ref): 0.029 s
		BodyGeom Ref reading: 0.054 s.
-----------------------------------------------------------------------
Number of geometries in task: 2
Number of bodysets   in task: 2
-----------------------------------------------------------------------
BodySet (0):
	Making hash and connectivity for Bodyset ...
		CBodyGeom:
		Hash size: {32, 16, 48}.
		Mesh size: {8, 4, 12}.
		Hashing triangles...Ok.
			axis(0) tr sizes: average=372 max=4530
			axis(1) tr sizes: average=183 max=2524
			axis(2) tr sizes: average=388 max=1682
		Number of t-connected sets:2 (cavity=1)
		CBodyGeomRef:
		Hashing triangles...Ok.
			axis(0) tr sizes: average=3384 max=26788
			axis(1) tr sizes: average=1671 max=18993
			axis(2) tr sizes: average=4747 max=12179
	0.226 s.
BodySet (1):
	Making hash and connectivity for Bodyset ...
		CBodyGeom:
		Hash size: {32, 16, 48}.
		Mesh size: {8, 4, 12}.
		Hashing triangles...Ok.
			axis(0) tr sizes: average=320 max=7296
			axis(1) tr sizes: average=156 max=2950
			axis(2) tr sizes: average=302 max=2763
		Number of t-connected sets:3 (cavity=1)
		CBodyGeomRef:
		Hashing triangles...Ok.
			axis(0) tr sizes: average=3384 max=26788
			axis(1) tr sizes: average=1671 max=18993
			axis(2) tr sizes: average=4747 max=12179
	0.207 s.
Geometries reading and preparing has taken 0.861 s.
-----------------------------------------------------------------------
Mapped triangles:
Hashing rough geometry(bodies) triangulation:
BodySet (0):
	Triangles num=124966
	Triangles box={-0.1 ,0.1 ,0 ,0.032 ,-0.149996 ,0.16}
		3d-hash size is 633820 bytes
BodySet (1):
	Triangles num=124978
	Triangles box={-0.11022 ,0.11022 ,-0.01005 ,0.04005 ,-0.17034 ,0.17034}
		3d-hash size is 633820 bytes

Hashing peculiar surfaces triangles:
Surface triangles (0):
	Triangles num=32
	Triangles box={-0.068 ,-0.052 ,0.014 ,0.03 ,0.155 ,0.155}
		3d-hash size is 1784 bytes
Surface triangles (1):
	Triangles num=32
	Triangles box={0.052 ,0.068 ,0.014 ,0.03 ,0.155 ,0.155}
		3d-hash size is 1784 bytes

Mapped triangles processed in 0.187 s.
-----------------------------------------------------------------------
-----------------------------------------------------------------------
Getting sectors:
Number of sectors: 0
-----------------------------------------------------------------------
-----------------------------------------------------------------------

Current CPU = 1 sec
-----------------------------------------------------------------------
Memory Working Set Current = 182.06 Mb, Memory Working Set Peak = 220.66 Mb
Process Threads Number: 14
-----------------------------------------------------------------------
-----------------------------------------------------------------------
Checking faces on CD...
FCD = [0 0 0 0 0 0]
FCD_conflicts = 0
Time (check faces on CD)=0.001 s
-----------------------------------------------------------------------

-----------------------------------------------------------------------
Mesh dimensions:
				I[0 ]=8
				I[1 ]=4
				I[2 ]=12

Comp. domain size:
				a[0  ]=-0.11
				a[1  ]=0.11
				a[2  ]=-0.01
				a[3  ]=0.04
				a[4  ]=-0.17
				a[5  ]=0.17

Fluid calculated			1
Solid calculated			1
-----------------------------------------------------------------------
MESH Build started...
-----------------------------------------------------------------------
Mesh LEVEL = 3
-----------------------------------------------------------------------
-----------------------------------------------------------------------
CPT-mode xeps:
	D / dh / eps [axis=0] = (0.22, 0.00343642, 3.43642e-06)
	D / dh / eps [axis=1] = (0.05, 0.00149959, 1.49959e-06)
	D / dh / eps [axis=2] = (0.34, 0.00343671, 3.43671e-06)
-----------------------------------------------------------------------
Initial allocation and brick-body-box intersection...OK (0.001 s)
Initial triangle brick intersection...OK (0.000 s)
Setting regions (384 / 384)...OK (0.000 s)
-----------------------------------------------------------------------
Base mesh info:
	3D task
	Nx=8
	Ny=4
	Nz=12
	N(Nx*Ny*Nz) = 32
	Period    axis=[0, 0, 0]
	Symmetry  ni=[0 0 0 0 0 0]
	ZoomingBC ni=[0 0 0 0 0 0]
	Nx=8
		x[0]=-0.11
		x[1]=-0.0824914
		x[2]=-0.0549914
		x[3]=-0.0274914
		x[4]=8.63667e-06
		x[5]=0.0275086
		x[6]=0.0550086
		x[7]=0.0825086
		x[8]=0.11
	Ny=4
		y[0]=-0.01
		y[1]=0.00300353
		y[2]=0.0160035
		y[3]=0.0280033
		y[4]=0.04
	Nz=12
		z[0]=-0.17
		z[1]=-0.140827
		z[2]=-0.11166
		z[3]=-0.0824933
		z[4]=-0.0533266
		z[5]=-0.02416
		z[6]=0.00500671
		z[7]=0.0325063
		z[8]=0.0600063
		z[9]=0.0875063
		z[10]=0.115006
		z[11]=0.142506
		z[12]=0.17
-----------------------------------------------------------------------
Input_mesh_settings--------------------------------
Settings 0----------------
	Scope: GLOBAL
	Type:	------MESHER_SETTINGS----------
	RefAllCells           =0
	RefFluidCells         =0
	RefPartCells          =0
	RefSolidCells         =0
	l_SSFR(Capture crit)  =3
	l_curv(Curvature crit)=0
	l_tol(Tolerance crit) =3
	  k_tol               =0.004048
	UseChannelRef         =1
	  NCR_method          =0
	  l_NCR               =2
	  N_gap               =5
	  Use d_NCR_min       =0
	  Use d_NCR_max       =0
	CloseThinSlotsHeight         =0
	--END_OF_MESHER_SETTINGS-------
End of input mesh settings-------------------------
-----------------------------------------------------------------------
Memory Working Set Current = 182.41 Mb, Memory Working Set Peak = 220.66 Mb
Process Threads Number: 14
-----------------------------------------------------------------------
MMP (msh): locals=1, allc_sz=0.06 MB, used_sz=0.05 MB, blks-min-max=4/4
MMP (brx): locals=6, allc_sz=0.13 MB, used_sz=0.05 MB, blks-min-max=1/2
MMP (bcf): locals=0, allc_sz=0.00 MB, used_sz=0.00 MB, blks-min-max=0/0
MMP (xsl): locals=0, allc_sz=0.00 MB, used_sz=0.00 MB, blks-min-max=0/0
NxNyNz = [8, 4, 12]
base_dx=0.0227778; 
NxNyNz_reverse = [10, 2, 15]

-----------------------------------------------------------------------
Refining geometries:
-----------------------------------------------------------------------

-----------------------------------------------------------------------
Refining by triangulation...
Refinement input: 384 bricks
	Checking crit (384 / 384)...88 marked (1.636 s)
	Time(refinement): 0.000 s
Setting regions (704 / 1000)...OK (0.000 s)
	Checking crit (704 / 1000)...88 marked (0.790 s)
	Time(refinement): 0.000 s
Setting regions (1200 / 2050)...OK (0.000 s)
	Checking crit (1200 / 2050)...286 marked (0.111 s)
	Time(refinement): 0.001 s
Setting regions (4672 / 6138)...OK (0.000 s)
	Checking crit (2384 / 6138)...0 marked (0.078 s)
Refinement result: 6138 bricks (2.621 s)
Refinement input: 6138 bricks
	Checking crit (3850 / 6138)...0 marked (0.016 s)
Refinement result: 6138 bricks (0.016 s)
Collecting and processing rays:
	Adding rays...OK (0.002 s)
	new bricks = 6138 / 6138
	new rays   = 3051 (x=520, y=2188, z=343)
	Processing rays...
		Rays process:  0.157 (0.307) s
		Sort xstacks:  0.001 (0.001) s
		Put xstacks:   0.003 (0.005) s
		Total:         0.160 s
	Correcting rays...
		Lame vertices: 0.004 (0.008) s
		Bad rays:      0.000 (0.000) s
		Emit rays:     0.000 (0.000) s
		Correct ray f: 0.000 (0.000) s
		Undef:         0.000 (0.000) s
		Sum:           0.004 (0.008) s
		Total:         0.005 s
	Time (rays): 0.169 s
Capturing (6138 / 6138)...OK (0.006 s)
Refining by triangulation takes 2.812 s
-----------------------------------------------------------------------

-----------------------------------------------------------------------
Refining peculiar surfaces...
0 surfaces refined
Refining peculiar surfaces takes 0.001 s
-----------------------------------------------------------------------
Collecting and processing rays:
	Adding rays...OK (0.000 s)
	new bricks = 0 / 6138
	new rays   = 0 (x=0, y=0, z=0)
	Processing rays...
		Rays process:  0.000 (0.000) s
		Sort xstacks:  0.000 (0.000) s
		Put xstacks:   0.000 (0.000) s
		Total:         0.000 s
	Correcting rays...
		Total:         0.000 s
	Time (rays): 0.002 s
Capturing (0 / 6138)...OK (0.001 s)

-----------------------------------------------------------------------
Base mesh 1 Refining...
Collecting and processing rays:
	Adding rays...OK (0.000 s)
	new bricks = 0 / 6138
	new rays   = 0 (x=0, y=0, z=0)
	Processing rays...
		Rays process:  0.000 (0.000) s
		Sort xstacks:  0.000 (0.000) s
		Put xstacks:   0.000 (0.000) s
		Total:         0.000 s
	Correcting rays...
		Total:         0.000 s
	Time (rays): 0.001 s
Capturing (0 / 6138)...OK (0.000 s)
Refinement input: 6138 bricks
	Checking crit (3850 / 6138)...0 marked (0.001 s)
Refinement result: 6138 bricks (0.001 s)
-----------------------------------------------------------------------
Refining channels...
FYI: CNarrowChannelRefiner::RefineChannels_PRLL
Refinement input: 6138 bricks
	Time(refinement): 0.000 s
Setting regions (720 / 6768)...OK (0.000 s)
Refinement result: 6768 bricks (0.002 s)
Collecting and processing rays:
	Adding rays...OK (0.000 s)
	new bricks = 720 / 6768
	new rays   = 34 (x=30, y=0, z=4)
	Processing rays...
		Rays process:  0.000 (0.000) s
		Sort xstacks:  0.000 (0.000) s
		Put xstacks:   0.000 (0.000) s
		Total:         0.000 s
	Correcting rays...
		Lame vertices: 0.000 (0.001) s
		Bad rays:      0.000 (0.000) s
		Emit rays:     0.000 (0.000) s
		Correct ray f: 0.000 (0.000) s
		Undef:         0.000 (0.000) s
		Sum:           0.000 (0.001) s
		Total:         0.001 s
	Time (rays): 0.002 s
Capturing (720 / 6768)...OK (0.001 s)
FYI: m_iteration_count = 0
FYI: level1 statistics:
     level1_cnt_plus[1]=720;		level1_cnt_minus[1]=0
     level1_cnt_plus[2]=0;		level1_cnt_minus[2]=0
     level1_cnt_plus[3]=0;		level1_cnt_minus[3]=0
     level1_cnt_plus[4]=0;		level1_cnt_minus[4]=0
     level1_cnt_plus[5]=0;		level1_cnt_minus[5]=0
     level1_cnt_plus[6]=0;		level1_cnt_minus[6]=0
     level1_cnt_plus[7]=0;		level1_cnt_minus[7]=0
     level1_cnt_plus[8]=0;		level1_cnt_minus[8]=0
     level1_cnt_plus[9]=0;		level1_cnt_minus[9]=0
FYI: m_iteration_count = 1
FYI: level1 statistics:
     level1_cnt_plus[1]=720;		level1_cnt_minus[1]=0
     level1_cnt_plus[2]=0;		level1_cnt_minus[2]=0
     level1_cnt_plus[3]=0;		level1_cnt_minus[3]=0
     level1_cnt_plus[4]=0;		level1_cnt_minus[4]=0
     level1_cnt_plus[5]=0;		level1_cnt_minus[5]=0
     level1_cnt_plus[6]=0;		level1_cnt_minus[6]=0
     level1_cnt_plus[7]=0;		level1_cnt_minus[7]=0
     level1_cnt_plus[8]=0;		level1_cnt_minus[8]=0
     level1_cnt_plus[9]=0;		level1_cnt_minus[9]=0
Refinement input: 6768 bricks
	Time(refinement): 0.001 s
Setting regions (5808 / 11850)...OK (0.000 s)
Refinement result: 11850 bricks (0.004 s)
Collecting and processing rays:
	Adding rays...OK (0.001 s)
	new bricks = 5808 / 11850
	new rays   = 463 (x=196, y=184, z=83)
	Processing rays...
		Rays process:  0.030 (0.057) s
		Sort xstacks:  0.000 (0.000) s
		Put xstacks:   0.001 (0.001) s
		Total:         0.031 s
	Correcting rays...
		Lame vertices: 0.003 (0.007) s
		Bad rays:      0.000 (0.000) s
		Emit rays:     0.000 (0.000) s
		Correct ray f: 0.000 (0.000) s
		Undef:         0.000 (0.000) s
		Sum:           0.003 (0.007) s
		Total:         0.004 s
	Time (rays): 0.037 s
Capturing (5808 / 11850)...OK (0.004 s)
FYI: m_iteration_count = 2
FYI: level1 statistics:
     level1_cnt_plus[1]=4890;		level1_cnt_minus[1]=0
     level1_cnt_plus[2]=1456;		level1_cnt_minus[2]=0
     level1_cnt_plus[3]=0;		level1_cnt_minus[3]=0
     level1_cnt_plus[4]=0;		level1_cnt_minus[4]=0
     level1_cnt_plus[5]=0;		level1_cnt_minus[5]=0
     level1_cnt_plus[6]=0;		level1_cnt_minus[6]=0
     level1_cnt_plus[7]=0;		level1_cnt_minus[7]=0
     level1_cnt_plus[8]=0;		level1_cnt_minus[8]=0
     level1_cnt_plus[9]=0;		level1_cnt_minus[9]=0
Refinement input: 11850 bricks
	Time(refinement): 0.000 s
Setting regions (336 / 12144)...OK (0.000 s)
Refinement result: 12144 bricks (0.004 s)
Collecting and processing rays:
	Adding rays...OK (0.000 s)
	new bricks = 336 / 12144
	new rays   = 4 (x=0, y=4, z=0)
	Processing rays...
		Rays process:  0.000 (0.000) s
		Sort xstacks:  0.000 (0.000) s
		Put xstacks:   0.000 (0.000) s
		Total:         0.000 s
	Correcting rays...
		Lame vertices: 0.001 (0.001) s
		Bad rays:      0.000 (0.000) s
		Emit rays:     0.000 (0.000) s
		Correct ray f: 0.000 (0.000) s
		Undef:         0.000 (0.000) s
		Sum:           0.001 (0.001) s
		Total:         0.001 s
	Time (rays): 0.002 s
Capturing (336 / 12144)...OK (0.001 s)
FYI: m_iteration_count = 3
FYI: level1 statistics:
     level1_cnt_plus[1]=4920;		level1_cnt_minus[1]=0
     level1_cnt_plus[2]=1728;		level1_cnt_minus[2]=0
     level1_cnt_plus[3]=0;		level1_cnt_minus[3]=0
     level1_cnt_plus[4]=0;		level1_cnt_minus[4]=0
     level1_cnt_plus[5]=0;		level1_cnt_minus[5]=0
     level1_cnt_plus[6]=0;		level1_cnt_minus[6]=0
     level1_cnt_plus[7]=0;		level1_cnt_minus[7]=0
     level1_cnt_plus[8]=0;		level1_cnt_minus[8]=0
     level1_cnt_plus[9]=0;		level1_cnt_minus[9]=0
Refinement input: 12144 bricks
	Time(refinement): 0.000 s
Setting regions (32 / 12172)...OK (0.000 s)
Refinement result: 12172 bricks (0.003 s)
Collecting and processing rays:
	Adding rays...OK (0.000 s)
	new bricks = 32 / 12172
	new rays   = 4 (x=0, y=0, z=4)
	Processing rays...
		Rays process:  0.000 (0.000) s
		Sort xstacks:  0.000 (0.000) s
		Put xstacks:   0.000 (0.000) s
		Total:         0.000 s
	Correcting rays...
		Lame vertices: 0.000 (0.001) s
		Bad rays:      0.000 (0.000) s
		Emit rays:     0.000 (0.000) s
		Correct ray f: 0.000 (0.000) s
		Undef:         0.000 (0.000) s
		Sum:           0.000 (0.001) s
		Total:         0.001 s
	Time (rays): 0.002 s
Capturing (32 / 12172)...OK (0.001 s)
FYI: m_iteration_count = 4
FYI: level1 statistics:
     level1_cnt_plus[1]=4952;		level1_cnt_minus[1]=0
     level1_cnt_plus[2]=1728;		level1_cnt_minus[2]=0
     level1_cnt_plus[3]=0;		level1_cnt_minus[3]=0
     level1_cnt_plus[4]=0;		level1_cnt_minus[4]=0
     level1_cnt_plus[5]=0;		level1_cnt_minus[5]=0
     level1_cnt_plus[6]=0;		level1_cnt_minus[6]=0
     level1_cnt_plus[7]=0;		level1_cnt_minus[7]=0
     level1_cnt_plus[8]=0;		level1_cnt_minus[8]=0
     level1_cnt_plus[9]=0;		level1_cnt_minus[9]=0
Refinement input: 12172 bricks
	Time(refinement): 0.000 s
Setting regions (16 / 12186)...OK (0.001 s)
Refinement result: 12186 bricks (0.005 s)
Collecting and processing rays:
	Adding rays...OK (0.000 s)
	new bricks = 16 / 12186
	new rays   = 4 (x=0, y=0, z=4)
	Processing rays...
		Rays process:  0.000 (0.000) s
		Sort xstacks:  0.000 (0.000) s
		Put xstacks:   0.000 (0.000) s
		Total:         0.000 s
	Correcting rays...
		Lame vertices: 0.000 (0.001) s
		Bad rays:      0.000 (0.000) s
		Emit rays:     0.000 (0.000) s
		Correct ray f: 0.000 (0.000) s
		Undef:         0.000 (0.000) s
		Sum:           0.000 (0.001) s
		Total:         0.001 s
	Time (rays): 0.002 s
Capturing (16 / 12186)...OK (0.001 s)
FYI: m_iteration_count = 5
FYI: level1 statistics:
     level1_cnt_plus[1]=4968;		level1_cnt_minus[1]=0
     level1_cnt_plus[2]=1728;		level1_cnt_minus[2]=0
     level1_cnt_plus[3]=0;		level1_cnt_minus[3]=0
     level1_cnt_plus[4]=0;		level1_cnt_minus[4]=0
     level1_cnt_plus[5]=0;		level1_cnt_minus[5]=0
     level1_cnt_plus[6]=0;		level1_cnt_minus[6]=0
     level1_cnt_plus[7]=0;		level1_cnt_minus[7]=0
     level1_cnt_plus[8]=0;		level1_cnt_minus[8]=0
     level1_cnt_plus[9]=0;		level1_cnt_minus[9]=0
FYI: m_iteration_count = 6
FYI: level1 statistics:
     level1_cnt_plus[1]=4968;		level1_cnt_minus[1]=0
     level1_cnt_plus[2]=1728;		level1_cnt_minus[2]=0
     level1_cnt_plus[3]=0;		level1_cnt_minus[3]=0
     level1_cnt_plus[4]=0;		level1_cnt_minus[4]=0
     level1_cnt_plus[5]=0;		level1_cnt_minus[5]=0
     level1_cnt_plus[6]=0;		level1_cnt_minus[6]=0
     level1_cnt_plus[7]=0;		level1_cnt_minus[7]=0
     level1_cnt_plus[8]=0;		level1_cnt_minus[8]=0
     level1_cnt_plus[9]=0;		level1_cnt_minus[9]=0
FYI: level1 statistics:
     level1_cnt_plus[1]=4968;		level1_cnt_minus[1]=0
     level1_cnt_plus[2]=1728;		level1_cnt_minus[2]=0
     level1_cnt_plus[3]=0;		level1_cnt_minus[3]=0
     level1_cnt_plus[4]=0;		level1_cnt_minus[4]=0
     level1_cnt_plus[5]=0;		level1_cnt_minus[5]=0
     level1_cnt_plus[6]=0;		level1_cnt_minus[6]=0
     level1_cnt_plus[7]=0;		level1_cnt_minus[7]=0
     level1_cnt_plus[8]=0;		level1_cnt_minus[8]=0
     level1_cnt_plus[9]=0;		level1_cnt_minus[9]=0

-----------------------------------------------------------------------
U-shapes refinement...
Refinement input: 12186 bricks
	Checking crit (9898 / 12186)...0 marked (0.006 s)
Refinement result: 12186 bricks (0.006 s)
Collecting and processing rays:
	Adding rays...OK (0.000 s)
	new bricks = 0 / 12186
	new rays   = 0 (x=0, y=0, z=0)
	Processing rays...
		Rays process:  0.000 (0.000) s
		Sort xstacks:  0.000 (0.000) s
		Put xstacks:   0.000 (0.000) s
		Total:         0.000 s
	Correcting rays...
		Total:         0.000 s
	Time (rays): 0.001 s
Capturing (0 / 12186)...OK (0.000 s)
-----------------------------------------------------------------------

-----------------------------------------------------------------------
Equi Distant Refiner:
Equi Distant Refiner takes 0.00 s
-----------------------------------------------------------------------

/-Ray Intersection---------------/ Time	1.412 s
Calls                7120
CorrectRay Calls     0



-----------------------------------------------------------------------
Refining geometries takes 4.643 s
-----------------------------------------------------------------------
-----------------------------------------------------------------------
Memory Working Set Current = 211.76 Mb, Memory Working Set Peak = 220.66 Mb
Process Threads Number: 14
-----------------------------------------------------------------------
Defect ray count	0
FYI: CNarrowChannelRefiner::RedistributeLevel1_step_1: is finished
FYI: level1 statistics:
     level1_cnt_plus[1]=1016;		level1_cnt_minus[1]=0
     level1_cnt_plus[2]=5680;		level1_cnt_minus[2]=0
     level1_cnt_plus[3]=0;		level1_cnt_minus[3]=0
     level1_cnt_plus[4]=0;		level1_cnt_minus[4]=0
     level1_cnt_plus[5]=0;		level1_cnt_minus[5]=0
     level1_cnt_plus[6]=0;		level1_cnt_minus[6]=0
     level1_cnt_plus[7]=0;		level1_cnt_minus[7]=0
     level1_cnt_plus[8]=0;		level1_cnt_minus[8]=0
     level1_cnt_plus[9]=0;		level1_cnt_minus[9]=0
FYI: CNarrowChannelRefiner::RedistributeLevel1_step_2: is started
FYI: CNarrowChannelRefiner::RedistributeLevel1_step_2: is finished
FYI: level1 statistics:
     level1_cnt_plus[1]=907;		level1_cnt_minus[1]=0
     level1_cnt_plus[2]=7174;		level1_cnt_minus[2]=0
     level1_cnt_plus[3]=0;		level1_cnt_minus[3]=0
     level1_cnt_plus[4]=0;		level1_cnt_minus[4]=0
     level1_cnt_plus[5]=0;		level1_cnt_minus[5]=0
     level1_cnt_plus[6]=0;		level1_cnt_minus[6]=0
     level1_cnt_plus[7]=0;		level1_cnt_minus[7]=0
     level1_cnt_plus[8]=0;		level1_cnt_minus[8]=0
     level1_cnt_plus[9]=0;		level1_cnt_minus[9]=0
FYI: CNarrowChannelRefiner::RedistributeLevel1_step_3: is started
FYI: CNarrowChannelRefiner::RedistributeLevel1_step_3: is finished
RedistributeLevel1 takes:
FYI: level1 statistics:
     level1_cnt_plus[1]=907;		level1_cnt_minus[1]=826
     level1_cnt_plus[2]=7174;		level1_cnt_minus[2]=2263
     level1_cnt_plus[3]=0;		level1_cnt_minus[3]=0
     level1_cnt_plus[4]=0;		level1_cnt_minus[4]=0
     level1_cnt_plus[5]=0;		level1_cnt_minus[5]=0
     level1_cnt_plus[6]=0;		level1_cnt_minus[6]=0
     level1_cnt_plus[7]=0;		level1_cnt_minus[7]=0
     level1_cnt_plus[8]=0;		level1_cnt_minus[8]=0
     level1_cnt_plus[9]=0;		level1_cnt_minus[9]=0
-----------------------------------------------------------------------
MSH format builder (Iteration 0)
-----------------------------------------------------------------------
Memory Working Set Current = 215.95 Mb, Memory Working Set Peak = 220.66 Mb
Process Threads Number: 14
-----------------------------------------------------------------------
Total bricks count: 12186
-----------------------------------------------------------------------
MSH (Real Geometry) format constructor:
	Geom    Count = 2
	Bodyset Count = 2
	3D task
	Getting brick sets...OK (0.001 s)

	Min x-stack xeps = 0.00136448
	D / dh / eps [axis=0] = (0.22, 0.00343642, 3.43642e-06)
	D / dh / eps [axis=1] = (0.05, 0.00149997, 1.49997e-06)
	D / dh / eps [axis=2] = (0.34, 0.00343671, 3.43671e-06)
	Time (xeps): 0.000 s
Level 3
	Set (0)  size: 1144
	Set (0)  time: 0.049 s
	Set (1)  size: 1144
	Set (1)  time: 0.039 s
Level 2
	Set (0)  size: 4153
	Set (0)  time: 0.129 s
	Set (1)  size: 4153
	Set (1)  time: 0.140 s
Level 1
	Set (0)  size: 767
	Set (0)  time: 0.009 s
	Set (1)  size: 767
	Set (1)  time: 0.008 s
Level 0
	Set (0)  size: 29
	Set (0)  time: 0.002 s
	Set (1)  size: 29
	Set (1)  time: 0.001 s

	Spread npq bricks...0 marked (0.002 s)

Result:
	Bricks number:                        12186

	Memory usage:                         4.349 MB
	Memory usage (per brick):             0.365 KB
	Construction time:                    0.385 s

	Topology features:
	------------------
	- High quality bricks                  100.00 % (12186)
	- Medium quality bricks                  0.00 % (0)
	- Bad quality bricks                     0.00 % (0)
	- NPQ bricks                             0.00 % (0)
	- Type-1 bricks                         54.77 % (6674)
	- Ribs corrected bricks                  0.00 % (0)
	- Points with geom-info (bricks)         0.00 % (0)
	- Points with closest-info (bricks)      0.00 % (0)
	- Triangulated by center (bricks)        0.00 % (0)
	- Facet w-faces mergings (bricks)        0.00 % (0)
	- To refine (bricks)                     0.00 % (0)
	- Points-count                           0.00 % (0)
	- T-self-intersection-all (bricks)       0.00 % (0)
	- T-self-intersection-simple (bricks)    0.00 % (0)
	- T-self-intersection-complex (bricks)   0.00 % (0)
	- NPQ by reason 1 u-shape                0.00 % (0)
	- NPQ by reason 2 tri-by-ctr             0.00 % (0)
	- NPQ by reason 3 ray-correction         0.00 % (0)
	- NPQ by reason 4 t-self-intersection    0.00 % (0)
	- NPQ by reason 5 non-good               0.00 % (0)
	- NPQ by reason 6 npq-worker             0.00 % (0)

-----------------------------------------------------------------------
Memory Working Set Current = 234.16 Mb, Memory Working Set Peak = 234.16 Mb
Process Threads Number: 14
-----------------------------------------------------------------------
-----------------------------------------------------------------------
msh-iterations: 1
-----------------------------------------------------------------------
high---q-brick-count = 100.00 % (12186 12186)
medium-q-brick-count =   0.00 % (12186 0)
bad----q-brick-count =   0.00 % (12186 0)
np-----q-brick-count =   0.00 % (12186 0)
-----------------------------------------------------------------------
Free brick parser storage...OK(0.001 s)
-----------------------------------------------------------------------
Memory Working Set Current = 234.20 Mb, Memory Working Set Peak = 234.92 Mb
Process Threads Number: 14
-----------------------------------------------------------------------
-----------------------------------------------------------------------
MSH --> BCF format (Iteration 0)...
BCF collector...(remove mode=0)
	Time (alloc counter per brick): 0.001 s
	Brick    count: 12186
	Av.f all count: 13202
	Av.s all count: 7650
	Av.f pid count: 8664
	Av.s pid count: 6676
	Faces fs count: 11816
	Faces ff count: 0
	Faces ss count: 0
	Faces bb count: 0
	Faces fe count: 1084
	Faces se count: 0
	Faces fw count: 12900
	Faces af count: 36385
	Faces as count: 20522
	Time (all count): 	0.005 s
	Time (bcf alloc): 	0.002 s
	Time (shifts alloc): 	0.002 s
	Time (shifts init): 	0.002 s
	Time (bcf fill): 	0.009 s
	Time (add av to faces): 0.001 s
	Time (add faces to av): 0.005 s
Time (bcf collect): 		0.028 s
	AV checker...
	Time (check av): 	0.007 s
	Subdomain checker...
		Subdomains construction time: 0.007 s.
		Subdomains sort time: 0.000 s.
			Subdomain 0 (geom_ind=0): 10046 av
			Subdomain 1 (geom_ind=0): 3156 av
			Subdomain 2 (geom_ind=1): 7650 av
		gi: 0, real bodies: 2
		gi: 0, subdomains:  2
		gi: 1, real bodies: 1
		gi: 1, subdomains:  1
		Defect subdomains: 0
	Time (check subdoms): 	0.010 s
Time (bcf iteration total): 	0.045 s
	Time (fw-nb): 		0.002 s
	Fixed mutual fw-nb:     3308 (bb: 0)
	Time (fw-nb mutual): 	0.002 s
	Time (fw-nb sort): 	0.000 s
	Fw-opt BEFORE total:    12900 (fs=11816, ff=0, ss=0)
	Fw-opt AFTER  total:    11378 (fs=10294, ff=0, ss=0, failed fw/br=0/0, big_curv=10, big_poly=0)
	Fw-opt RESULT:          1522 (res/(fs+ff+ss) = 12.88 %)
	Time (fw-opt): 		0.003 s
	Time (fw-re-order): 	0.002 s
	Time (fw-nb): 		0.014 s
	Fixed mutual fw-nb:     23250 (bb: 0)
	Time (fw-nb mutual): 	0.004 s
	Time (fw-nb sort): 	0.001 s
	Time (rfd fix): 	0.000 s
	Time (av convexity): 	0.005 s
	Time (av small volume): 0.001 s
	Time (diagonal fw-nb): 	0.036 s
	Fixed mutual fw-nb:     0 (bb: 0)
	Time (fw-nb mutual): 	0.003 s
	Time (fw-nb sort): 	0.001 s
	Fluid subdomains: 2
	Faces fw-nb diff sd:    0
	Time (fw-nb diff sd): 	0.006 s
Time (bcf calc): 		0.085 s
-----------------------------------------------------------------------
Time (bcf total): 		0.131 s
-----------------------------------------------------------------------
-----------------------------------------------------------------------
Mega-cv constructor for fluid...
	 0 av's is treated as thin
Relative size generator (threshold = 0.05)...
	Iteration 1 (small cluster count = 412)
	Iteration 2 (small cluster count = 218)
	Iteration 3 (small cluster count = 39)
	Iteration 4 (small cluster count = 4)
	Iteration 5 (small cluster count = 0)
	 412 mega-cv's generated
	 0 mega-cv's removed
Relative size generator is completed OK (0.004 s)
Apply fa-rules to mega-cv clusters fixes...
OK (0.001 s)
Convert clusters:
	 412 mega-cv's total
Mega-cv count: 412
Time (mega-cv fill): 	0.002 s
Time (mega-cv total): 	0.018 s
-----------------------------------------------------------------------
-----------------------------------------------------------------------
Mega-cv constructor for solid...
-----------------------------------------------------------------------
Mixing plane rotation regions: NO.
Sliding mesh rotation regions: NO.
Fluid/fluid faces: NO.
-----------------------------------------------------------------------
Memory Working Set Current = 244.78 Mb, Memory Working Set Peak = 244.78 Mb
Process Threads Number: 14
-----------------------------------------------------------------------
----------------------------------------------------------
BCF --> BCF.GEOMSUBDOM (bridge arrays):
MESH (0):
	Fluid Subdom Constructor: 2 subdom(s).
	Solid Subdom Constructor: 1 subdom(s).
	Net Asm Subdom Constructor: 0 subdom(s).
	GEOMSUBDOM (0): gi=0 fluid av=10046 cv=9934 fa=28597 fb=0 fw=8602 V=2.875286e-03
	Cache data...OK
	GEOMSUBDOM (1): gi=0 fluid av=3156 cv=2856 fa=7788 fb=0 fw=2776 V=2.310273e-04
	Cache data...OK
	GEOMSUBDOM (2): gi=1 solid av=7650 cv=7650 fa=20522 fb=0 fw=10294 V=6.336866e-04
	Cache data...OK
	Setting nb of w-faces...OK (0.005 s).
	Correcting nb of w-faces...
	Time(correct_fw_nb)=0.007 s

MESH (0) checking:
	GEOMSUBDOM (0):fa_s=0.9179278032519214 fb_s=0.0000000000000000 fw_s=0.3842650076042710 fw_nb=67970
	              :d_const(4516)=8.44047e-15 d_linear(1832)=8.27541e-14
	GEOMSUBDOM (1):fa_s=0.1501340143582706 fb_s=0.0000000000000000 fw_s=0.0606659132870906 fw_nb=22176
	              :d_const(1522)=3.11746e-15 d_linear(502)=5.22012e-14
	GEOMSUBDOM (2):fa_s=0.2987019231135379 fb_s=0.0000000000000000 fw_s=0.2393309208913615 fw_nb=81674
	              :d_const(1117)=2.12766e-14 d_linear(1387)=1.06336e-12
MESH (0) checking: OK.
Time (MDS): 	0.060 s
----------------------------------------------------------
-----------------------------------------------------------------------
Memory Working Set Current = 251.04 Mb, Memory Working Set Peak = 251.04 Mb
Process Threads Number: 14
-----------------------------------------------------------------------

-----------------------------------------------------------------------
BCF CHECKSUM DATA (Mesh 0):

BRICK |Level1| Sum:               20607
FACE_A Area Sum:   G.Fluid        1.0680618176101917
FACE_A Area Sum:   G.Solid        0.2987019231135379
FACE_W Area Sum:                  0.4449309208913615
FACE_W Nb   Sum:                  90146
FACE_W min curvatures sum:        -341498.50623195
FACE_W max curvatures sum:        405412.55659914
AV Max Disbalance(Const) :        2.12766e-14 (cid=3306, t={24, 20, 28}, avid=15318, pid=1844)
AV Max Disbalance(Linear):        2.85083e-12 (cid=982, t={26, 20, 10}, avid=1111, pid=662)
BRICK-AV Volume Disbalance:       0 (cid=0, t={0, 0, 0})
-----------------------------------------------------------------------


-----------------------------------------------------------------------
MESHER TOPOLOGY DATA:

BRICKS: Total                 12186
BRICKS: Fluid                 11212
BRICKS: Fluid Partial         6674
BRICKS: Type 1                6674
BRICKS: Max AV number         4

AV:     G.Total               20852
AV:     G.Fluid               13202
AV:     G.Solid               7650

AV:     G.Fluid Thin Profile    0.02 % (2)
AV:     G.Solid Thin Profile   25.96 % (1986)

AV:     G.Fluid Thin For Mega   0.00 % (0)
AV:     G.Solid Thin For Mega  25.65 % (1962)

AV:     G.Fluid Non-Convex      5.93 % (783)
AV:     G.Solid Non-Convex     21.08 % (1613)

AV:     G.Fluid Non-Ess-Convex      2.53 % (334)
AV:     G.Solid Non-Ess-Convex     16.84 % (1288)

FACE_A: G.Fluid          (af) 36385 (partially opened 17744)
FACE_A: G.Solid          (as) 20522 (partially opened 14568)

FACE_B: G.Total          (b)  0

FACE_W: G.Total                 11378       Brick/Bound
FACE_W: G.Fluid/Solid    (fs_g) 10294       0           
FACE_W: G.Fluid/Fluid    (ff_g) 0           0           
FACE_W: G.Solid/Solid    (ss_g) 0           0           
FACE_W: G.Fluid/External (fe_g) 1084
FACE_W: G.Solid/External (se_g) 0

AV/CV max fa count (on brick side):4
AV/CV max fw count:                4
AV/CV max fb count:                0
AV/CV max fw poly count:           10

MEMORY: Total                   7.469 MB
MEMORY: Per Brick               0.628 KB
-----------------------------------------------------------------------

-----------------------------------------------------------------------
Connectivities information:
	Number of conns: 0
-----------------------------------------------------------------------
	Time (gap size): 	0.033 s
-----------------------------------------------------------------------
Memory Working Set Current = 251.08 Mb, Memory Working Set Peak = 251.80 Mb
Process Threads Number: 14
-----------------------------------------------------------------------
-----------------------------------------------------------------------
Calculating curvature and tolerance criteria...
Curvature: min=0 (cid=0) max=1.65495 (cid=10961)
Tolerance: min=0 (cid=0) max=0.0036963 (cid=11812)
Calculating curvature and tolerance criteria takes 0.357 s
-----------------------------------------------------------------------
MESH Build(FS) finished. Time=6.384 s
-----------------------------------------------------------------------
Current CPU = 8 sec

Nx=8
Ny=4
Nz=12
Max BRICK Level=3
Mesh Level=3
-----------------CModelBodies2MeshMapper::CollectData started -------------------------------
	Time (collect mesh base data): 0.006 s.
	Time (collect model bodies mapping): 0.001 s.
	Time (collect positive bodies mapping): 0.000 s.
	Time (collect fluid bodies mapping): 0.107 s.
-----------------CModelBodies2MeshMapper Report -------------------------------
FluidDomains 2 SolidDomains 1 VoidDomains 0 
Domains RefIndexes
----------------- -------------------------------
	ModelBodies
Total resolved Bodies 3 BodySets 1
BodySet 0	Material: Aluminum 6061
	Bodies list:
			#0	Name: Lid 2;	ID: ff7f8120-79cf-47ce-a378-5829a915b455
			#1	Name: Lid 1;	ID: 11eecd7e-abed-4746-9f23-e34e8d5635d0
			#2	Name: Boss-Extrude2;	ID: eae9328b-6e0d-4ab7-9776-ec214885809f
	Domains list:		 2 

--------------------------------------------------------------------------
	Positive geometry Bodies
Total resolved Bodies 3 BodySets 3
BodySet 0
	Bodies list:
			#0	Name: ;	ID: d31f25f9-d9ed-4470-ae5d-a9719d50ffb0
	Domains list:		 0 
BodySet 1
	Bodies list:
			#0	Name: ;	ID: 45ad6b6d-e1a1-497b-ad90-cf7f0d0202e3
	Domains list:		 1 
BodySet 2
	Bodies list:
			#0	Name: ;	ID: 7670ea8b-9039-4eca-a239-ebea6374552c
	Domains list:		 2 

--------------------------------------------------------------------------
	Fluid regions
Total resolved Bodies 2 BodySets 2
BodySet 0	Material: Refrigerant R-134a; Air; 
	Bodies list:
			#0	Name: ;	ID: d31f25f9-d9ed-4470-ae5d-a9719d50ffb0
	Domains list:		 0 
BodySet 1	Material: Air; Refrigerant R-134a; 
	Bodies list:
			#0	Name: ;	ID: 45ad6b6d-e1a1-497b-ad90-cf7f0d0202e3
	Domains list:		 1 

--------------------------------------------------------------------------
Collect data takes...0.116 s
-----------------CModelBodies2MeshMapper::CollectData finished successfully-------------------
Saving initial mesh in: C:\Users\hawah\Desktop\Upwork\Solidworks Practice\Simulation Practice\Box and pipe\1\1.fld .
Storing results...
	Estimated CPT size=4.005 MB.
	Time (write bcf): 0.434 s
Storing results takes 0.471 s
-----------------------------------------------------------------------
Memory Working Set Current = 251.79 Mb, Memory Working Set Peak = 251.84 Mb
Process Threads Number: 14
-----------------------------------------------------------------------
Cleaning memory...
-----------------------------------------------------------------------
Start to free mesher data...
MMP (msh): locals=8, allc_sz=2.00 MB, used_sz=1.70 MB, blks-min-max=6/11
MMP (brx): locals=8, allc_sz=9.49 MB, used_sz=8.40 MB, blks-min-max=15/16
MMP (bcf): locals=8, allc_sz=13.86 MB, used_sz=13.07 MB, blks-min-max=11/48
MMP (xsl): locals=8, allc_sz=1.34 MB, used_sz=1.18 MB, blks-min-max=5/7
Free xsl...            OK	Time=0.000 s
Free ray collector...  OK	Time=0.000 s
Free ray intersector...OK	Time=0.000 s
Free body sets...      OK	Time=0.090 s
Free Geometry DB takes 0.000 s
Free mesh conn...      OK	Time=0.000 s
Free geomsd...         OK	Time=0.000 s
Free mbricks...        OK	Time=0.000 s
Free hash info...      OK	Time=0.000 s
Free bricks-x...       OK	Time=0.000 s
Free bcf...            OK	Time=0.002 s
Free mesh h...         OK	Time=0.000 s
Free bricks arr..      OK	Time=0.000 s
Free bricks tree...    OK	Time=0.000 s
Free mesh pools...     OK	Time=0.009 s
Free bodies mapper...  OK	Time=0.000 s
Free geom crits...     OK	Time=0.000 s
Free cpt regions...    OK	Time=0.000 s
Free peculiar surfs... OK	Time=0.000 s
Free sw-geometries...  OK	Time=0.000 s
Total free mesher data time: 0.104 s
-----------------------------------------------------------------------
Copying... OK
Mesh generation normally finished at	2.7.2026	14:45:27
Mesher CPU = 8 sec
Mesher is finished at	2.7.2026	14:45:27
-----------------------------------------------------------------------
Memory Working Set Current = 54.09 Mb, Memory Working Set Peak = 252.55 Mb
Process Threads Number: 14
-----------------------------------------------------------------------
Algebra Pool      : mem_usage = 0.38 Mb, allocated count = 0
-----------------------------------------------------------------------
Memory Working Set Current = 53.79 Mb, Memory Working Set Peak = 252.55 Mb
Process Threads Number: 14
-----------------------------------------------------------------------
Log ended at 02.07.2026	14:45:27
