Log started at 02.07.2026	15:31:48
Number of used processors (NPROC): 8.
Number of mesh partitions (NPART): 8.
Total Physical Memory = 15.75 Gb, Available Physical Memory = 2.81 Gb
Computer name:	DESKTOP-P3H0A5T
Operating system:	Windows 10 (or higher) (Version 10.0.26200)

SOLIDWORKS 2022 SP1.0
Flow Simulation 2022  x64 / 5482

Project: C:\Users\hawah\Desktop\Upwork\Solidworks Practice\Simulation Practice\Ahmed Body\1\1.xmlconfig
Configuration name: Default
Project name: External Flow Simulation-Car
Problem type: external-type
Exclude cavities without flow conditions: ON
NGK: OFF
MBO: OFF
-----------------------------------------------------------------------
Mesher option run = eRunMesherNormal
-----------------------------------------------------------------------

Mesh generation started:	2.7.2026	15:31:48
-----------------------------------------------------------------------
Memory Working Set Current = 19.76 Mb, Memory Working Set Peak = 19.76 Mb
Process Threads Number: 7
-----------------------------------------------------------------------
Mesher adjust APD = OFF; AdjustAPD_method=0; N_per_Channel = 0; N2_per_Channel = 0
Current CPU = 0 sec
-----------------------------------------------------------------------
Geometries initialization:
-----------------------------------------------------------------------
Loading mesh settings (global/local)...
-----------------------------------------------------------------------
Number of geometries from DB: 1
Geometry(0):
	Guid = {00000000-0000-0000-0000-000000000000}
	Fluid..
	1 Body.
	1 Real body.
	-- Bodyset 0 --
		Tolerance=0.000117686.
		19 Face(s).
			19 of b-spline type.
		0 Face(s) that have no ref faces
		11 Plane surface(s).
		8 Cylinder surface(s).
		1000 Triangle(s).
		Getting triangle connectivities from DB: 0.002 s
		31 Edge(s).
			31 of b-spline type.
		BodyGeom reading: 0.017 s.
		1000 Reference Triangles.
		Getting triangle connectivities from DB (Ref): 0.000 s
		BodyGeom Ref reading: 0.001 s.
Geometry(1):
	Solid.
	-- Bodyset 1 --
	Empty
-----------------------------------------------------------------------
Number of geometries in task: 2
Number of bodysets   in task: 2
-----------------------------------------------------------------------
BodySet (0):
	Making hash and connectivity for Bodyset ...
		CBodyGeom:
		Hash size: {50, 32, 32}.
		Mesh size: {50, 32, 32}.
		Hashing triangles...Ok.
			axis(0) tr sizes: average=17 max=124
			axis(1) tr sizes: average=9 max=70
			axis(2) tr sizes: average=8 max=163
		Number of t-connected sets:1 (cavity=0)
		CBodyGeomRef:
		Hashing triangles...Ok.
			axis(0) tr sizes: average=16 max=124
			axis(1) tr sizes: average=8 max=70
			axis(2) tr sizes: average=8 max=161
	0.0224 s.
Geometries reading and preparing has taken 0.050 s.
-----------------------------------------------------------------------
Mapped triangles:
Hashing rough geometry(bodies) triangulation:
BodySet (0):
	Triangles num=1000
	Triangles box={-1.05 ,0 ,-9.02056e-18 ,0.35 ,-0.2 ,0.2}
		3d-hash size is 224260 bytes
BodySet (1):
Empty

Mapped triangles processed in 0.021 s.
-----------------------------------------------------------------------
-----------------------------------------------------------------------
Getting sectors:
Number of sectors: 0
-----------------------------------------------------------------------
-----------------------------------------------------------------------

Current CPU = 1 sec
-----------------------------------------------------------------------
Memory Working Set Current = 25.16 Mb, Memory Working Set Peak = 25.86 Mb
Process Threads Number: 14
-----------------------------------------------------------------------
-----------------------------------------------------------------------
Checking faces on CD...
FCD = [0 0 0 0 0 0]
FCD_conflicts = 0
Time (check faces on CD)=0.001 s
-----------------------------------------------------------------------

-----------------------------------------------------------------------
Mesh dimensions:
				I[0 ]=50
				I[1 ]=32
				I[2 ]=32

Comp. domain size:
				a[0  ]=-2.1
				a[1  ]=1.75
				a[2  ]=-1.05
				a[3  ]=1.4
				a[4  ]=-1.25
				a[5  ]=1.25

Fluid calculated			1
Solid calculated			0
-----------------------------------------------------------------------
MESH Build started...
-----------------------------------------------------------------------
Mesh LEVEL = 1
-----------------------------------------------------------------------
-----------------------------------------------------------------------
CPT-mode xeps:
	D / dh / eps [axis=0] = (3.85, 0.0330552, 3.30552e-05)
	D / dh / eps [axis=1] = (2.45, 0.0285831, 2.85831e-05)
	D / dh / eps [axis=2] = (2.5, 0.0297371, 2.97371e-05)
-----------------------------------------------------------------------
Initial allocation and brick-body-box intersection...OK (0.008 s)
Initial triangle brick intersection...OK (0.001 s)
Setting regions (51200 / 51200)...OK (0.002 s)
-----------------------------------------------------------------------
Base mesh info:
	3D task
	Nx=50
	Ny=32
	Nz=32
	N(Nx*Ny*Nz) = 1600
	Period    axis=[0, 0, 0]
	Symmetry  ni=[0 0 0 0 0 0]
	ZoomingBC ni=[0 0 0 0 0 0]
	Nx=50
		x[0]=-2.1
		x[1]=-1.9871
		x[2]=-1.87972
		x[3]=-1.77755
		x[4]=-1.68035
		x[5]=-1.58786
		x[6]=-1.49987
		x[7]=-1.41614
		x[8]=-1.33649
		x[9]=-1.2607
		x[10]=-1.18859
		x[11]=-1.11998
		x[12]=-1.05387
		x[13]=-0.987757
		x[14]=-0.921646
		x[15]=-0.855535
		x[16]=-0.789424
		x[17]=-0.723313
		x[18]=-0.657201
		x[19]=-0.59109
		x[20]=-0.524979
		x[21]=-0.456923
		x[22]=-0.388868
		x[23]=-0.320812
		x[24]=-0.252756
		x[25]=-0.184701
		x[26]=-0.116645
		x[27]=-0.0485897
		x[28]=0.0194658
		x[29]=0.0875214
		x[30]=0.155577
		x[31]=0.223632
		x[32]=0.291688
		x[33]=0.359744
		x[34]=0.427799
		x[35]=0.495855
		x[36]=0.56391
		x[37]=0.631966
		x[38]=0.700021
		x[39]=0.766335
		x[40]=0.835906
		x[41]=0.908892
		x[42]=0.985461
		x[43]=1.06579
		x[44]=1.15006
		x[45]=1.23847
		x[46]=1.33122
		x[47]=1.42852
		x[48]=1.5306
		x[49]=1.63769
		x[50]=1.75
	Ny=32
		y[0]=-1.05
		y[1]=-0.942657
		y[2]=-0.840546
		y[3]=-0.743382
		y[4]=-0.650928
		y[5]=-0.562953
		y[6]=-0.479242
		y[7]=-0.399588
		y[8]=-0.323794
		y[9]=-0.251672
		y[10]=-0.183046
		y[11]=-0.117745
		y[12]=-0.055609
		y[13]=0.00351607
		y[14]=0.0606822
		y[15]=0.117849
		y[16]=0.175016
		y[17]=0.232182
		y[18]=0.289349
		y[19]=0.346516
		y[20]=0.405636
		y[21]=0.467769
		y[22]=0.533067
		y[23]=0.601692
		y[24]=0.673813
		y[25]=0.749607
		y[26]=0.829263
		y[27]=0.912977
		y[28]=1.00096
		y[29]=1.09342
		y[30]=1.19059
		y[31]=1.29271
		y[32]=1.4
	Nz=32
		z[0]=-1.25
		z[1]=-1.14308
		z[2]=-1.04129
		z[3]=-0.944347
		z[4]=-0.852026
		z[5]=-0.764105
		z[6]=-0.680376
		z[7]=-0.600639
		z[8]=-0.524702
		z[9]=-0.452385
		z[10]=-0.383516
		z[11]=-0.317929
		z[12]=-0.255469
		z[13]=-0.195986
		z[14]=-0.130652
		z[15]=-0.0653183
		z[16]=1.50401e-05
		z[17]=0.0653484
		z[18]=0.130682
		z[19]=0.196015
		z[20]=0.255489
		z[21]=0.317944
		z[22]=0.383526
		z[23]=0.452392
		z[24]=0.524706
		z[25]=0.600642
		z[26]=0.680381
		z[27]=0.764112
		z[28]=0.852037
		z[29]=0.944364
		z[30]=1.04131
		z[31]=1.14312
		z[32]=1.25
-----------------------------------------------------------------------
Input_mesh_settings--------------------------------
Settings 0----------------
	Scope: GLOBAL
	Type:	------MESHER_SETTINGS----------
	RefAllCells           =0
	RefFluidCells         =0
	RefPartCells          =0
	RefSolidCells         =0
	l_SSFR(Capture crit)  =1
	l_curv(Curvature crit)=0
	l_tol(Tolerance crit) =0
	UseChannelRef         =1
	  NCR_method          =0
	  l_NCR               =1
	  N_gap               =5
	  Use d_NCR_min       =0
	  Use d_NCR_max       =0
	CloseThinSlotsHeight         =0
	--END_OF_MESHER_SETTINGS-------
End of input mesh settings-------------------------
-----------------------------------------------------------------------
Memory Working Set Current = 37.91 Mb, Memory Working Set Peak = 37.91 Mb
Process Threads Number: 14
-----------------------------------------------------------------------
MMP (msh): locals=1, allc_sz=6.52 MB, used_sz=6.25 MB, blks-min-max=25/25
MMP (brx): locals=8, allc_sz=6.64 MB, used_sz=5.87 MB, blks-min-max=7/15
MMP (bcf): locals=0, allc_sz=0.00 MB, used_sz=0.00 MB, blks-min-max=0/0
MMP (xsl): locals=0, allc_sz=0.00 MB, used_sz=0.00 MB, blks-min-max=0/0
NxNyNz = [50, 32, 32]
base_dx=0.0772292; 
NxNyNz_reverse = [50, 32, 32]

-----------------------------------------------------------------------
Refining geometries:
-----------------------------------------------------------------------

-----------------------------------------------------------------------
Refining by triangulation...
Refinement input: 51200 bricks
	Checking crit (51200 / 51200)...12 marked (0.007 s)
	Time(refinement): 0.000 s
Setting regions (96 / 51284)...OK (0.001 s)
	Checking crit (0 / 51284)...0 marked (0.001 s)
Refinement result: 51284 bricks (0.018 s)
Refinement input: 51284 bricks
	Checking crit (51188 / 51284)...0 marked (0.004 s)
Refinement result: 51284 bricks (0.005 s)
Collecting and processing rays:
	Adding rays...OK (0.019 s)
	new bricks = 51284 / 51284
	new rays   = 4526 (x=1107, y=1711, z=1708)
	Processing rays...
		Rays process:  0.008 (0.008) s
		Sort xstacks:  0.000 (0.000) s
		Put xstacks:   0.001 (0.001) s
		Total:         0.009 s
	Correcting rays...
		Lame vertices: 0.007 (0.007) s
		Bad rays:      0.000 (0.000) s
		Emit rays:     0.000 (0.000) s
		Correct ray f: 0.000 (0.000) s
		Undef:         0.000 (0.000) s
		Sum:           0.007 (0.007) s
		Total:         0.008 s
	Time (rays): 0.039 s
Capturing (51284 / 51284)...OK (0.007 s)
Refining by triangulation takes 0.069 s
-----------------------------------------------------------------------

-----------------------------------------------------------------------
Refining peculiar surfaces...
0 surfaces refined
Refining peculiar surfaces takes 0 s
-----------------------------------------------------------------------
Collecting and processing rays:
	Adding rays...OK (0.001 s)
	new bricks = 0 / 51284
	new rays   = 0 (x=0, y=0, z=0)
	Processing rays...
		Rays process:  0.000 (0.000) s
		Sort xstacks:  0.000 (0.000) s
		Put xstacks:   0.000 (0.000) s
		Total:         0.001 s
	Correcting rays...
		Total:         0.000 s
	Time (rays): 0.003 s
Capturing (0 / 51284)...OK (0.001 s)

-----------------------------------------------------------------------
Base mesh 1 Refining...
Collecting and processing rays:
	Adding rays...OK (0.000 s)
	new bricks = 0 / 51284
	new rays   = 0 (x=0, y=0, z=0)
	Processing rays...
		Rays process:  0.000 (0.000) s
		Sort xstacks:  0.000 (0.000) s
		Put xstacks:   0.000 (0.000) s
		Total:         0.001 s
	Correcting rays...
		Total:         0.000 s
	Time (rays): 0.002 s
Capturing (0 / 51284)...OK (0.001 s)
Refinement input: 51284 bricks
	Checking crit (51188 / 51284)...0 marked (0.002 s)
Refinement result: 51284 bricks (0.002 s)
-----------------------------------------------------------------------
Refining channels...
FYI: CNarrowChannelRefiner::RefineChannels_PRLL
FYI: m_iteration_count = 0
FYI: level1 statistics:
     level1_cnt_plus[1]=0;		level1_cnt_minus[1]=0
     level1_cnt_plus[2]=0;		level1_cnt_minus[2]=0
     level1_cnt_plus[3]=0;		level1_cnt_minus[3]=0
     level1_cnt_plus[4]=0;		level1_cnt_minus[4]=0
     level1_cnt_plus[5]=0;		level1_cnt_minus[5]=0
     level1_cnt_plus[6]=0;		level1_cnt_minus[6]=0
     level1_cnt_plus[7]=0;		level1_cnt_minus[7]=0
     level1_cnt_plus[8]=0;		level1_cnt_minus[8]=0
     level1_cnt_plus[9]=0;		level1_cnt_minus[9]=0
FYI: level1 statistics:
     level1_cnt_plus[1]=0;		level1_cnt_minus[1]=0
     level1_cnt_plus[2]=0;		level1_cnt_minus[2]=0
     level1_cnt_plus[3]=0;		level1_cnt_minus[3]=0
     level1_cnt_plus[4]=0;		level1_cnt_minus[4]=0
     level1_cnt_plus[5]=0;		level1_cnt_minus[5]=0
     level1_cnt_plus[6]=0;		level1_cnt_minus[6]=0
     level1_cnt_plus[7]=0;		level1_cnt_minus[7]=0
     level1_cnt_plus[8]=0;		level1_cnt_minus[8]=0
     level1_cnt_plus[9]=0;		level1_cnt_minus[9]=0

-----------------------------------------------------------------------
U-shapes refinement...
Refinement input: 51284 bricks
	Checking crit (51188 / 51284)...0 marked (0.010 s)
Refinement result: 51284 bricks (0.011 s)
Collecting and processing rays:
	Adding rays...OK (0.001 s)
	new bricks = 0 / 51284
	new rays   = 0 (x=0, y=0, z=0)
	Processing rays...
		Rays process:  0.000 (0.000) s
		Sort xstacks:  0.000 (0.000) s
		Put xstacks:   0.000 (0.000) s
		Total:         0.000 s
	Correcting rays...
		Total:         0.000 s
	Time (rays): 0.002 s
Capturing (0 / 51284)...OK (0.001 s)
-----------------------------------------------------------------------

-----------------------------------------------------------------------
Equi Distant Refiner:
Equi Distant Refiner takes 0.00 s
-----------------------------------------------------------------------

/-Ray Intersection---------------/ Time	0.046 s
Calls                4526
CorrectRay Calls     0



-----------------------------------------------------------------------
Refining geometries takes 0.122 s
-----------------------------------------------------------------------
-----------------------------------------------------------------------
Memory Working Set Current = 40.26 Mb, Memory Working Set Peak = 40.26 Mb
Process Threads Number: 14
-----------------------------------------------------------------------
Defect ray count	0
FYI: CNarrowChannelRefiner::RedistributeLevel1_step_1: is finished
FYI: level1 statistics:
     level1_cnt_plus[1]=0;		level1_cnt_minus[1]=0
     level1_cnt_plus[2]=0;		level1_cnt_minus[2]=0
     level1_cnt_plus[3]=0;		level1_cnt_minus[3]=0
     level1_cnt_plus[4]=0;		level1_cnt_minus[4]=0
     level1_cnt_plus[5]=0;		level1_cnt_minus[5]=0
     level1_cnt_plus[6]=0;		level1_cnt_minus[6]=0
     level1_cnt_plus[7]=0;		level1_cnt_minus[7]=0
     level1_cnt_plus[8]=0;		level1_cnt_minus[8]=0
     level1_cnt_plus[9]=0;		level1_cnt_minus[9]=0
FYI: CNarrowChannelRefiner::RedistributeLevel1_step_2: is started
FYI: CNarrowChannelRefiner::RedistributeLevel1_step_2: is finished
FYI: level1 statistics:
     level1_cnt_plus[1]=0;		level1_cnt_minus[1]=0
     level1_cnt_plus[2]=0;		level1_cnt_minus[2]=0
     level1_cnt_plus[3]=0;		level1_cnt_minus[3]=0
     level1_cnt_plus[4]=0;		level1_cnt_minus[4]=0
     level1_cnt_plus[5]=0;		level1_cnt_minus[5]=0
     level1_cnt_plus[6]=0;		level1_cnt_minus[6]=0
     level1_cnt_plus[7]=0;		level1_cnt_minus[7]=0
     level1_cnt_plus[8]=0;		level1_cnt_minus[8]=0
     level1_cnt_plus[9]=0;		level1_cnt_minus[9]=0
FYI: CNarrowChannelRefiner::RedistributeLevel1_step_3: is started
FYI: CNarrowChannelRefiner::RedistributeLevel1_step_3: is finished
RedistributeLevel1 takes:
FYI: level1 statistics:
     level1_cnt_plus[1]=0;		level1_cnt_minus[1]=0
     level1_cnt_plus[2]=0;		level1_cnt_minus[2]=0
     level1_cnt_plus[3]=0;		level1_cnt_minus[3]=0
     level1_cnt_plus[4]=0;		level1_cnt_minus[4]=0
     level1_cnt_plus[5]=0;		level1_cnt_minus[5]=0
     level1_cnt_plus[6]=0;		level1_cnt_minus[6]=0
     level1_cnt_plus[7]=0;		level1_cnt_minus[7]=0
     level1_cnt_plus[8]=0;		level1_cnt_minus[8]=0
     level1_cnt_plus[9]=0;		level1_cnt_minus[9]=0
-----------------------------------------------------------------------
MSH format builder (Iteration 0)
-----------------------------------------------------------------------
Memory Working Set Current = 41.31 Mb, Memory Working Set Peak = 41.31 Mb
Process Threads Number: 14
-----------------------------------------------------------------------
Total bricks count: 51284
-----------------------------------------------------------------------
MSH (Real Geometry) format constructor:
	Geom    Count = 2
	Bodyset Count = 2
	3D task
	Getting brick sets...OK (0.003 s)

	Min x-stack xeps = 0.027883
	D / dh / eps [axis=0] = (3.85, 0.0330556, 3.30556e-05)
	D / dh / eps [axis=1] = (2.45, 0.0285831, 2.85831e-05)
	D / dh / eps [axis=2] = (2.5, 0.0326667, 3.26667e-05)
	Time (xeps): 0.001 s
Level 1
	Set (0)  size: 48
	Set (0)  time: 0.012 s
	Set (1)  size: 48
	Set (1)  time: 0.001 s
Level 0
	Set (0)  size: 25594
	Set (0)  time: 0.016 s
	Set (1)  size: 25594
	Set (1)  time: 0.016 s

	Spread npq bricks...0 marked (0.001 s)

Result:
	Bricks number:                        51284

	Memory usage:                         0.681 MB
	Memory usage (per brick):             0.014 KB
	Construction time:                    0.051 s

	Topology features:
	------------------
	- High quality bricks                  100.00 % (51284)
	- Medium quality bricks                  0.00 % (0)
	- Bad quality bricks                     0.00 % (0)
	- NPQ bricks                             0.00 % (0)
	- Type-1 bricks                          1.00 % (512)
	- Ribs corrected bricks                  0.00 % (0)
	- Points with geom-info (bricks)         0.00 % (0)
	- Points with closest-info (bricks)      0.00 % (0)
	- Triangulated by center (bricks)        0.00 % (0)
	- Facet w-faces mergings (bricks)        0.00 % (0)
	- To refine (bricks)                     0.00 % (0)
	- Points-count                           0.00 % (0)
	- T-self-intersection-all (bricks)       0.00 % (0)
	- T-self-intersection-simple (bricks)    0.00 % (0)
	- T-self-intersection-complex (bricks)   0.00 % (0)
	- NPQ by reason 1 u-shape                0.00 % (0)
	- NPQ by reason 2 tri-by-ctr             0.00 % (0)
	- NPQ by reason 3 ray-correction         0.00 % (0)
	- NPQ by reason 4 t-self-intersection    0.00 % (0)
	- NPQ by reason 5 non-good               0.00 % (0)
	- NPQ by reason 6 npq-worker             0.00 % (0)

-----------------------------------------------------------------------
Memory Working Set Current = 45.24 Mb, Memory Working Set Peak = 45.24 Mb
Process Threads Number: 14
-----------------------------------------------------------------------
-----------------------------------------------------------------------
msh-iterations: 1
-----------------------------------------------------------------------
high---q-brick-count = 100.00 % (51284 51284)
medium-q-brick-count =   0.00 % (51284 0)
bad----q-brick-count =   0.00 % (51284 0)
np-----q-brick-count =   0.00 % (51284 0)
-----------------------------------------------------------------------
Free brick parser storage...OK(0.002 s)
-----------------------------------------------------------------------
Memory Working Set Current = 44.09 Mb, Memory Working Set Peak = 46.00 Mb
Process Threads Number: 14
-----------------------------------------------------------------------
-----------------------------------------------------------------------
MSH --> BCF format (Iteration 0)...
BCF collector...(remove mode=0)
	Time (alloc counter per brick): 0.002 s
	Brick    count: 51284
	Av.f all count: 50900
	Av.s all count: 896
	Av.f pid count: 512
	Av.s pid count: 512
	Faces fs count: 778
	Faces ff count: 0
	Faces ss count: 0
	Faces bb count: 0
	Faces fe count: 8448
	Faces se count: 0
	Faces fw count: 9226
	Faces af count: 148359
	Faces as count: 2377
	Time (all count): 	0.006 s
	Time (bcf alloc): 	0.001 s
	Time (shifts alloc): 	0.004 s
	Time (shifts init): 	0.004 s
	Time (bcf fill): 	0.009 s
	Time (add av to faces): 0.000 s
	Time (add faces to av): 0.006 s
Time (bcf collect): 		0.035 s
	AV checker...
	Time (check av): 	0.023 s
	Subdomain checker...
		Subdomains construction time: 0.009 s.
		Subdomains sort time: 0.000 s.
			Subdomain 0 (geom_ind=0): 50900 av
			Subdomain 1 (geom_ind=1): 896 av
		gi: 0, real bodies: 1
		gi: 0, subdomains:  1
		gi: 1, real bodies: 0
		gi: 1, subdomains:  1
		Defect subdomains: 0
	Time (check subdoms): 	0.012 s
Time (bcf iteration total): 	0.071 s
	Time (fw-nb): 		0.001 s
	Fixed mutual fw-nb:     736 (bb: 0)
	Time (fw-nb mutual): 	0.001 s
	Time (fw-nb sort): 	0.000 s
	Fw-opt BEFORE total:    9226 (fs=778, ff=0, ss=0)
	Fw-opt AFTER  total:    9146 (fs=698, ff=0, ss=0, failed fw/br=0/0, big_curv=0, big_poly=0)
	Fw-opt RESULT:          80 (res/(fs+ff+ss) = 10.28 %)
	Time (fw-opt): 		0.003 s
	Time (fw-re-order): 	0.001 s
	Time (fw-nb): 		0.004 s
	Fixed mutual fw-nb:     18303 (bb: 0)
	Time (fw-nb mutual): 	0.002 s
	Time (fw-nb sort): 	0.000 s
	Time (rfd fix): 	0.000 s
	Time (av convexity): 	0.001 s
	Time (av small volume): 0.000 s
	Time (diagonal fw-nb): 	0.014 s
	Fixed mutual fw-nb:     0 (bb: 0)
	Time (fw-nb mutual): 	0.002 s
	Time (fw-nb sort): 	0.001 s
	Fluid subdomains: 1
	Faces fw-nb diff sd:    0
	Time (fw-nb diff sd): 	0.009 s
Time (bcf calc): 		0.043 s
-----------------------------------------------------------------------
Time (bcf total): 		0.115 s
-----------------------------------------------------------------------
-----------------------------------------------------------------------
Mega-cv constructor for fluid...
	 0 av's is treated as thin
Relative size generator (threshold = 0.05)...
	Iteration 1 (small cluster count = 6)
	Iteration 2 (small cluster count = 3)
	Iteration 3 (small cluster count = 1)
	Iteration 4 (small cluster count = 0)
	 6 mega-cv's generated
	 0 mega-cv's removed
Relative size generator is completed OK (0.005 s)
Apply fa-rules to mega-cv clusters fixes...
OK (0.000 s)
Convert clusters:
	 6 mega-cv's total
Mega-cv count: 6
Time (mega-cv fill): 	0.000 s
Time (mega-cv total): 	0.023 s
-----------------------------------------------------------------------
Mixing plane rotation regions: NO.
Sliding mesh rotation regions: NO.
Fluid/fluid faces: NO.
-----------------------------------------------------------------------
Memory Working Set Current = 56.73 Mb, Memory Working Set Peak = 65.87 Mb
Process Threads Number: 14
-----------------------------------------------------------------------
----------------------------------------------------------
BCF --> BCF.GEOMSUBDOM (bridge arrays):
MESH (0):
	Fluid Subdom Constructor: 1 subdom(s).
	Solid Subdom Constructor: 1 subdom(s).
	Net Asm Subdom Constructor: 0 subdom(s).
	GEOMSUBDOM (0): gi=0 fluid av=50900 cv=50894 fa=148359 fb=0 fw=9146 V=2.346234e+01
	Cache data...OK
	GEOMSUBDOM (1): gi=1 solid av=896 cv=896 fa=2377 fb=0 fw=698 V=1.189103e-01
	Cache data...OK
	Setting nb of w-faces...OK (0.004 s).
	Correcting nb of w-faces...
	Time(correct_fw_nb)=0.007 s

MESH (0) checking:
	GEOMSUBDOM (0):fa_s=884.9047054677927235 fb_s=0.0000000000000000 fw_s=51.9682832998966688 fw_nb=73098
	              :d_const(28912)=2.25915e-15 d_linear(24963)=5.74577e-14
	GEOMSUBDOM (1):fa_s=6.1473020343346825 fb_s=0.0000000000000000 fw_s=1.6032832998966877 fw_nb=5538
	              :d_const(13)=3.36538e-15 d_linear(705)=1.84319e-13
MESH (0) checking: OK.
Time (MDS): 	0.181 s
----------------------------------------------------------
-----------------------------------------------------------------------
Memory Working Set Current = 73.90 Mb, Memory Working Set Peak = 73.90 Mb
Process Threads Number: 14
-----------------------------------------------------------------------

-----------------------------------------------------------------------
BCF CHECKSUM DATA (Mesh 0):

BRICK |Level1| Sum:               0
FACE_A Area Sum:   G.Fluid        884.9047054677926099
FACE_A Area Sum:   G.Solid        6.1473020343346825
FACE_W Area Sum:                  51.9682832998966688
FACE_W Nb   Sum:                  73098
FACE_W min curvatures sum:        -0.00000000
FACE_W max curvatures sum:        4071.18402481
AV Max Disbalance(Const) :        3.36538e-15 (cid=21490, t={29, 26, 27}, avid=51015, pid=115)
AV Max Disbalance(Linear):        1.84319e-13 (cid=29848, t={28, 38, 36}, avid=51681, pid=397)
-----------------------------------------------------------------------


-----------------------------------------------------------------------
MESHER TOPOLOGY DATA:

BRICKS: Total                 51284
BRICKS: Fluid                 50900
BRICKS: Fluid Partial         512
BRICKS: Type 1                512
BRICKS: Max AV number         2

AV:     G.Total               51796
AV:     G.Fluid               50900
AV:     G.Solid               896

AV:     G.Fluid Thin Profile    0.00 % (0)
AV:     G.Solid Thin Profile    0.00 % (0)

AV:     G.Fluid Thin For Mega   0.00 % (0)
AV:     G.Solid Thin For Mega   0.00 % (0)

AV:     G.Fluid Non-Convex      0.29 % (148)
AV:     G.Solid Non-Convex      4.46 % (40)

AV:     G.Fluid Non-Ess-Convex      0.29 % (148)
AV:     G.Solid Non-Ess-Convex      1.79 % (16)

FACE_A: G.Fluid          (af) 148359 (partially opened 1030)
FACE_A: G.Solid          (as) 2377 (partially opened 1030)

FACE_B: G.Total          (b)  0

FACE_W: G.Total                 9146        Brick/Bound
FACE_W: G.Fluid/Solid    (fs_g) 698         0           
FACE_W: G.Fluid/Fluid    (ff_g) 0           0           
FACE_W: G.Solid/Solid    (ss_g) 0           0           
FACE_W: G.Fluid/External (fe_g) 8448
FACE_W: G.Solid/External (se_g) 0

AV/CV max fa count (on brick side):4
AV/CV max fw count:                4
AV/CV max fb count:                0
AV/CV max fw poly count:           6

MEMORY: Total                   15.243 MB
MEMORY: Per Brick               0.304 KB
-----------------------------------------------------------------------

-----------------------------------------------------------------------
Connectivities information:
	Number of conns: 0
-----------------------------------------------------------------------
	Time (gap size): 	0.007 s
-----------------------------------------------------------------------
Memory Working Set Current = 73.99 Mb, Memory Working Set Peak = 74.66 Mb
Process Threads Number: 14
-----------------------------------------------------------------------
-----------------------------------------------------------------------
Calculating curvature and tolerance criteria...
Curvature: min=0 (cid=0) max=2.09441 (cid=21424)
Tolerance: min=0 (cid=0) max=0.0276173 (cid=29810)
Calculating curvature and tolerance criteria takes 0.017 s
-----------------------------------------------------------------------
MESH Build(FS) finished. Time=0.790 s
-----------------------------------------------------------------------
Current CPU = 1 sec

Nx=50
Ny=32
Nz=32
Max BRICK Level=1
Mesh Level=1
-----------------CModelBodies2MeshMapper::CollectData started -------------------------------
	Time (collect mesh base data): 0.005 s.
	Time (collect model bodies mapping): 0.000 s.
	Time (collect positive bodies mapping): 0.002 s.
	Time (collect fluid bodies mapping): 0.004 s.
-----------------CModelBodies2MeshMapper Report -------------------------------
FluidDomains 1 SolidDomains 1 VoidDomains 0 
Domains RefIndexes
----------------- -------------------------------
	ModelBodies
Total resolved Bodies 0 BodySets 0

--------------------------------------------------------------------------
	Positive geometry Bodies
Total resolved Bodies 1 BodySets 1
BodySet 0
	Bodies list:
			#0	Name: ;	ID: 9a6c5971-400b-4b8e-85fb-b6ac9a71df36
	Domains list:		 0 

--------------------------------------------------------------------------
	Fluid regions
Total resolved Bodies 1 BodySets 1
BodySet 0	Material: Air; 
	Bodies list:
			#0	Name: ;	ID: 9a6c5971-400b-4b8e-85fb-b6ac9a71df36
	Domains list:		 0 

--------------------------------------------------------------------------
Collect data takes...0.014 s
-----------------CModelBodies2MeshMapper::CollectData finished successfully-------------------
Saving initial mesh in: C:\Users\hawah\Desktop\Upwork\Solidworks Practice\Simulation Practice\Ahmed Body\1\1.fld .
Storing results...
	Estimated CPT size=5.585 MB.
	Time (write bcf): 0.308 s
Storing results takes 0.329 s
-----------------------------------------------------------------------
Memory Working Set Current = 74.33 Mb, Memory Working Set Peak = 74.75 Mb
Process Threads Number: 14
-----------------------------------------------------------------------
Cleaning memory...
-----------------------------------------------------------------------
Start to free mesher data...
MMP (msh): locals=3, allc_sz=6.55 MB, used_sz=6.26 MB, blks-min-max=1/25
MMP (brx): locals=8, allc_sz=6.86 MB, used_sz=6.33 MB, blks-min-max=8/15
MMP (bcf): locals=8, allc_sz=22.34 MB, used_sz=21.55 MB, blks-min-max=11/35
MMP (xsl): locals=8, allc_sz=0.12 MB, used_sz=0.03 MB, blks-min-max=1/1
Free xsl...            OK	Time=0.000 s
Free ray collector...  OK	Time=0.000 s
Free ray intersector...OK	Time=0.000 s
Free body sets...      OK	Time=0.000 s
Free Geometry DB takes 0.000 s
Free mesh conn...      OK	Time=0.000 s
Free geomsd...         OK	Time=0.000 s
Free mbricks...        OK	Time=0.001 s
Free hash info...      OK	Time=0.001 s
Free bricks-x...       OK	Time=0.000 s
Free bcf...            OK	Time=0.003 s
Free mesh h...         OK	Time=0.000 s
Free bricks arr..      OK	Time=0.000 s
Free bricks tree...    OK	Time=0.000 s
Free mesh pools...     OK	Time=0.008 s
Free bodies mapper...  OK	Time=0.000 s
Free geom crits...     OK	Time=0.000 s
Free cpt regions...    OK	Time=0.000 s
Free peculiar surfs... OK	Time=0.000 s
Free sw-geometries...  OK	Time=0.000 s
Total free mesher data time: 0.016 s
-----------------------------------------------------------------------
Copying... OK
Mesh generation normally finished at	2.7.2026	15:31:50
Mesher CPU = 2 sec
Mesher is finished at	2.7.2026	15:31:50
-----------------------------------------------------------------------
Memory Working Set Current = 31.57 Mb, Memory Working Set Peak = 75.09 Mb
Process Threads Number: 14
-----------------------------------------------------------------------
Algebra Pool      : mem_usage = 1.62 Mb, allocated count = 0
-----------------------------------------------------------------------
Memory Working Set Current = 30.33 Mb, Memory Working Set Peak = 75.09 Mb
Process Threads Number: 14
-----------------------------------------------------------------------
Log ended at 02.07.2026	15:31:50
